#
# There is insufficient memory for the Java Runtime Environment to continue.
# Native memory allocation (mmap) failed to map 58720256 bytes. Error detail: G1 virtual space
# Possible reasons:
#   The system is out of physical RAM or swap space
#   This process is running with CompressedOops enabled, and the Java Heap may be blocking the growth of the native heap
# Possible solutions:
#   Reduce memory load on the system
#   Increase physical memory or swap space
#   Check if swap backing store is full
#   Decrease Java heap size (-Xmx/-Xms)
#   Decrease number of Java threads
#   Decrease Java thread stack sizes (-Xss)
#   Set larger code cache with -XX:ReservedCodeCacheSize=
#   JVM is running with Unscaled Compressed Oops mode in which the Java heap is
#     placed in the first 4GB address space. The Java Heap base address is the
#     maximum limit for the native heap growth. Please use -XX:HeapBaseMinAddress
#     to set the Java Heap base and to place the Java Heap above 4GB virtual address.
# This output file may be truncated or incomplete.
#
#  Out of Memory Error (os_windows.cpp:3603), pid=13188, tid=4888
#
# JRE version:  (21.0.3+9) (build )
# Java VM: OpenJDK 64-Bit Server VM (21.0.3+9-LTS, mixed mode, sharing, tiered, compressed oops, compressed class ptrs, g1 gc, windows-amd64)
# No core dump will be written. Minidumps are not enabled by default on client versions of Windows
#

---------------  S U M M A R Y ------------

Command Line: C:\Users\Shyon\AppData\Local\Temp\surefire11250777585982861845\surefirebooter3729324885519889300.jar C:\Users\Shyon\AppData\Local\Temp\surefire11250777585982861845 2024-10-29T13-33-51_936-jvmRun1 surefire734591794264913488tmp surefire_010924142219357378622tmp

Host: AMD 3020e with Radeon Graphics                 , 2 cores, 3G,  Windows 11 , 64 bit Build 22621 (10.0.22621.3958)
Time: Tue Oct 29 13:34:13 2024 GMT Standard Time elapsed time: 0.099430 seconds (0d 0h 0m 0s)

---------------  T H R E A D  ---------------

Current thread (0x000001dab01a0490):  JavaThread "Unknown thread" [_thread_in_vm, id=4888, stack(0x0000005c86e00000,0x0000005c86f00000) (1024K)]

Stack: [0x0000005c86e00000,0x0000005c86f00000]
Native frames: (J=compiled Java code, j=interpreted, Vv=VM code, C=native code)
V  [jvm.dll+0x6d8019]
V  [jvm.dll+0x8b3993]
V  [jvm.dll+0x8b5cee]
V  [jvm.dll+0x8b63d3]
V  [jvm.dll+0x285436]
V  [jvm.dll+0x6d47e5]
V  [jvm.dll+0x6c8f1a]
V  [jvm.dll+0x35e13b]
V  [jvm.dll+0x365ce6]
V  [jvm.dll+0x3b7276]
V  [jvm.dll+0x3b7548]
V  [jvm.dll+0x33188c]
V  [jvm.dll+0x33257b]
V  [jvm.dll+0x87ba79]
V  [jvm.dll+0x3c4641]
V  [jvm.dll+0x864eb8]
V  [jvm.dll+0x4593de]
V  [jvm.dll+0x45af51]
C  [jli.dll+0x52ab]
C  [ucrtbase.dll+0x29333]
C  [KERNEL32.DLL+0x1257d]
C  [ntdll.dll+0x5af08]


---------------  P R O C E S S  ---------------

Threads class SMR info:
_java_thread_list=0x00007ff901a30048, length=0, elements={
}

Java Threads: ( => current thread )
Total: 0

Other Threads:
  0x000001dab22aced0 WorkerThread "GC Thread#0"                     [id=12932, stack(0x0000005c86f00000,0x0000005c87000000) (1024K)]
  0x000001dab22b4af0 ConcurrentGCThread "G1 Main Marker"            [id=10104, stack(0x0000005c87000000,0x0000005c87100000) (1024K)]
  0x000001dab22b57a0 WorkerThread "G1 Conc#0"                       [id=10396, stack(0x0000005c87100000,0x0000005c87200000) (1024K)]

[error occurred during error reporting (printing all threads), id 0xc0000005, EXCEPTION_ACCESS_VIOLATION (0xc0000005) at pc=0x00007ff9011349e7]
VM state: not at safepoint (not fully initialized)

VM Mutex/Monitor currently owned by a thread:  ([mutex/lock_event])
[0x00007ff901aa42a8] Heap_lock - owner thread: 0x000001dab01a0490

Heap address: 0x00000000c9e00000, size: 866 MB, Compressed Oops mode: 32-bit

CDS archive(s) mapped at: [0x0000000000000000-0x0000000000000000-0x0000000000000000), size 0, SharedBaseAddress: 0x0000000800000000, ArchiveRelocationMode: 1.
Narrow klass base: 0x0000000000000000, Narrow klass shift: 0, Narrow klass range: 0x0

GC Precious Log:
 CardTable entry size: 512
 Card Set container configuration: InlinePtr #cards 5 size 8 Array Of Cards #cards 12 size 40 Howl #buckets 4 coarsen threshold 1843 Howl Bitmap #cards 512 size 80 coarsen threshold 460 Card regions per heap region 1 cards per card region 2048

Heap:
 garbage-first heap   total 0K, used 0K [0x00000000c9e00000, 0x0000000100000000)
  region size 1024K, 0 young (0K), 0 survivors (0K)

[error occurred during error reporting (printing heap information), id 0xc0000005, EXCEPTION_ACCESS_VIOLATION (0xc0000005) at pc=0x00007ff901522079]
GC Heap History (0 events):
No events

Dll operation events (1 events):
Event: 0.037 Loaded shared library C:\Program Files\Microsoft\jdk-21.0.3.9-hotspot\bin\java.dll

Deoptimization events (0 events):
No events

Classes loaded (0 events):
No events

Classes unloaded (0 events):
No events

Classes redefined (0 events):
No events

Internal exceptions (0 events):
No events

ZGC Phase Switch (0 events):
No events

VM Operations (0 events):
No events

Events (0 events):
No events


Dynamic libraries:
0x00007ff790bd0000 - 0x00007ff790bde000 	C:\Program Files\Microsoft\jdk-21.0.3.9-hotspot\bin\java.exe
0x00007ff9cd950000 - 0x00007ff9cdb67000 	C:\windows\SYSTEM32\ntdll.dll
0x00007ff9cc030000 - 0x00007ff9cc0f4000 	C:\windows\System32\KERNEL32.DLL
0x00007ff9caf90000 - 0x00007ff9cb347000 	C:\windows\System32\KERNELBASE.dll
0x00007ff9cb470000 - 0x00007ff9cb581000 	C:\windows\System32\ucrtbase.dll
0x00007ff9b6600000 - 0x00007ff9b6618000 	C:\Program Files\Microsoft\jdk-21.0.3.9-hotspot\bin\jli.dll
0x00007ff9cd5e0000 - 0x00007ff9cd78f000 	C:\windows\System32\USER32.dll
0x00007ff9cb590000 - 0x00007ff9cb5b6000 	C:\windows\System32\win32u.dll
0x00007ff9cbe20000 - 0x00007ff9cbe49000 	C:\windows\System32\GDI32.dll
0x00007ff9cb350000 - 0x00007ff9cb468000 	C:\windows\System32\gdi32full.dll
0x00007ff9cace0000 - 0x00007ff9cad7a000 	C:\windows\System32\msvcp_win.dll
0x00007ff9ab3f0000 - 0x00007ff9ab40b000 	C:\Program Files\Microsoft\jdk-21.0.3.9-hotspot\bin\VCRUNTIME140.dll
0x00007ff9b4820000 - 0x00007ff9b4ab3000 	C:\windows\WinSxS\amd64_microsoft.windows.common-controls_6595b64144ccf1df_6.0.22621.3672_none_2713b9d173822955\COMCTL32.dll
0x00007ff9cc100000 - 0x00007ff9cc1a7000 	C:\windows\System32\msvcrt.dll
0x00007ff9cc1b0000 - 0x00007ff9cc1e1000 	C:\windows\System32\IMM32.DLL
0x00007ff9c7500000 - 0x00007ff9c750c000 	C:\Program Files\Microsoft\jdk-21.0.3.9-hotspot\bin\vcruntime140_1.dll
0x00007ff980370000 - 0x00007ff9803fd000 	C:\Program Files\Microsoft\jdk-21.0.3.9-hotspot\bin\msvcp140.dll
0x00007ff900df0000 - 0x00007ff901b84000 	C:\Program Files\Microsoft\jdk-21.0.3.9-hotspot\bin\server\jvm.dll
0x00007ff9cd480000 - 0x00007ff9cd532000 	C:\windows\System32\ADVAPI32.dll
0x00007ff9cc670000 - 0x00007ff9cc718000 	C:\windows\System32\sechost.dll
0x00007ff9cad80000 - 0x00007ff9cada8000 	C:\windows\System32\bcrypt.dll
0x00007ff9cb780000 - 0x00007ff9cb894000 	C:\windows\System32\RPCRT4.dll
0x00007ff9cc720000 - 0x00007ff9cc791000 	C:\windows\System32\WS2_32.dll
0x00007ff9cab30000 - 0x00007ff9cab7d000 	C:\windows\SYSTEM32\POWRPROF.dll
0x00007ff9c4e80000 - 0x00007ff9c4eb4000 	C:\windows\SYSTEM32\WINMM.dll
0x00007ff9c1510000 - 0x00007ff9c151a000 	C:\windows\SYSTEM32\VERSION.dll
0x00007ff9cab10000 - 0x00007ff9cab23000 	C:\windows\SYSTEM32\UMPDC.dll
0x00007ff9c9cb0000 - 0x00007ff9c9cc8000 	C:\windows\SYSTEM32\kernel.appcore.dll
0x00007ff9c74e0000 - 0x00007ff9c74ea000 	C:\Program Files\Microsoft\jdk-21.0.3.9-hotspot\bin\jimage.dll
0x00007ff9c3620000 - 0x00007ff9c3852000 	C:\windows\SYSTEM32\DBGHELP.DLL
0x00007ff9cba90000 - 0x00007ff9cbe1e000 	C:\windows\System32\combase.dll
0x00007ff9cb9b0000 - 0x00007ff9cba87000 	C:\windows\System32\OLEAUT32.dll
0x00007ff9c12e0000 - 0x00007ff9c1312000 	C:\windows\SYSTEM32\dbgcore.DLL
0x00007ff9cac60000 - 0x00007ff9cacdb000 	C:\windows\System32\bcryptPrimitives.dll
0x00007ff9a9e30000 - 0x00007ff9a9e4f000 	C:\Program Files\Microsoft\jdk-21.0.3.9-hotspot\bin\java.dll

dbghelp: loaded successfully - version: 4.0.5 - missing functions: none
symbol engine: initialized successfully - sym options: 0x614 - pdb path: .;C:\Program Files\Microsoft\jdk-21.0.3.9-hotspot\bin;C:\windows\SYSTEM32;C:\windows\WinSxS\amd64_microsoft.windows.common-controls_6595b64144ccf1df_6.0.22621.3672_none_2713b9d173822955;C:\Program Files\Microsoft\jdk-21.0.3.9-hotspot\bin\server

VM Arguments:
java_command: C:\Users\Shyon\AppData\Local\Temp\surefire11250777585982861845\surefirebooter3729324885519889300.jar C:\Users\Shyon\AppData\Local\Temp\surefire11250777585982861845 2024-10-29T13-33-51_936-jvmRun1 surefire734591794264913488tmp surefire_010924142219357378622tmp
java_class_path (initial): C:\Users\Shyon\AppData\Local\Temp\surefire11250777585982861845\surefirebooter3729324885519889300.jar
Launcher Type: SUN_STANDARD

[Global flags]
     intx CICompilerCount                          = 2                                         {product} {ergonomic}
     uint ConcGCThreads                            = 1                                         {product} {ergonomic}
     uint G1ConcRefinementThreads                  = 2                                         {product} {ergonomic}
   size_t G1HeapRegionSize                         = 1048576                                   {product} {ergonomic}
    uintx GCDrainStackTargetSize                   = 64                                        {product} {ergonomic}
   size_t InitialHeapSize                          = 58720256                                  {product} {ergonomic}
   size_t MarkStackSize                            = 4194304                                   {product} {ergonomic}
   size_t MaxHeapSize                              = 908066816                                 {product} {ergonomic}
   size_t MinHeapDeltaBytes                        = 1048576                                   {product} {ergonomic}
   size_t MinHeapSize                              = 8388608                                   {product} {ergonomic}
    uintx NonNMethodCodeHeapSize                   = 5826188                                {pd product} {ergonomic}
    uintx NonProfiledCodeHeapSize                  = 122916026                              {pd product} {ergonomic}
    uintx ProfiledCodeHeapSize                     = 122916026                              {pd product} {ergonomic}
    uintx ReservedCodeCacheSize                    = 251658240                              {pd product} {ergonomic}
     bool SegmentedCodeCache                       = true                                      {product} {ergonomic}
   size_t SoftMaxHeapSize                          = 908066816                              {manageable} {ergonomic}
     bool UseCompressedOops                        = true                           {product lp64_product} {ergonomic}
     bool UseG1GC                                  = true                                      {product} {ergonomic}
     bool UseLargePagesIndividualAllocation        = false                                  {pd product} {ergonomic}

Logging:
Log output configuration:
 #0: stdout all=warning uptime,level,tags foldmultilines=false
 #1: stderr all=off uptime,level,tags foldmultilines=false

Environment Variables:
PATH=C:\Users\Shyon\bin;C:\Program Files\Git\mingw64\bin;C:\Program Files\Git\usr\local\bin;C:\Program Files\Git\usr\bin;C:\Program Files\Git\usr\bin;C:\Program Files\Git\mingw64\bin;C:\Program Files\Git\usr\bin;C:\Users\Shyon\bin;C:\Python312\Scripts;C:\Python312;C:\Program Files\Microsoft\jdk-21.0.3.9-hotspot\bin;C:\windows\system32;C:\windows;C:\windows\System32\Wbem;C:\windows\System32\WindowsPowerShell\v1.0;C:\windows\System32\OpenSSH;C:\Program Files\HP\HP One Agent;C:\Program Files\Git\cmd;C:\Program Files\nodejs;C:\ProgramData\chocolatey\bin;C:\Users\Shyon\AppData\Local\Microsoft\WindowsApps;C:\Users\Shyon\AppData\Local\Programs\Microsoft VS Code\bin;C:\Program Files\MySQL\MySQL Server 8.0\bin;C:\Users\Shyon\AppData\Local\Microsoft\WinGet\Packages\Schniz.fnm_Microsoft.Winget.Source_8wekyb3d8bbwe;C:\Users\Shyon\AppData\Roaming\npm;C:\Program Files\Git\usr\bin\vendor_perl;C:\Program Files\Git\usr\bin\core_perl
USERNAME=Shyon
SHELL=C:\Program Files\Git\usr\bin\bash.exe
DISPLAY=needs-to-be-defined
LANG=en_US.UTF-8
TERM=xterm-256color
TMPDIR=C:\Users\Shyon\AppData\Local\Temp
OS=Windows_NT
PROCESSOR_IDENTIFIER=AMD64 Family 23 Model 32 Stepping 1, AuthenticAMD
TMP=C:\Users\Shyon\AppData\Local\Temp
TEMP=C:\Users\Shyon\AppData\Local\Temp




Periodic native trim disabled

---------------  S Y S T E M  ---------------

OS:
 Windows 11 , 64 bit Build 22621 (10.0.22621.3958)
OS uptime: 11 days 18:30 hours

CPU: total 2 (initial active 2) (2 cores per cpu, 1 threads per core) family 23 model 32 stepping 1 microcode 0x0, cx8, cmov, fxsr, mmx, 3dnowpref, sse, sse2, sse3, ssse3, sse4a, sse4.1, sse4.2, popcnt, lzcnt, tsc, tscinvbit, avx, avx2, aes, clmul, bmi1, bmi2, adx, sha, fma, vzeroupper, clflush, clflushopt, rdtscp, f16c
Processor Information for all 2 processors :
  Max Mhz: 1200, Current Mhz: 1200, Mhz Limit: 1200

Memory: 4k page, system-wide physical 3463M (322M free)
TotalPageFile size 9112M (AvailPageFile size 32M)
current process WorkingSet (physical memory assigned to process): 10M, peak: 10M
current process commit charge ("private bytes"): 47M, peak: 103M

vm_info: OpenJDK 64-Bit Server VM (21.0.3+9-LTS) for windows-amd64 JRE (21.0.3+9-LTS), built on 2024-04-10T01:25:38Z by "MicrosoftCorporation" with MS VC++ 16.10 / 16.11 (VS2019)

END.
